<?xml version="1.0" encoding="UTF-8"?>
<!-- Generated by org.testng.reporters.JUnitReportReporter -->
<testsuite hostname="Asiya" failures="0" tests="1" name="runner.MyRunner" time="6.028" errors="0" timestamp="2024-05-20T00:02:03 EDT" skipped="0">
  <testcase classname="runner.MyRunner" name="runScenario" time="6.028"/>
  <system-out/>
</testsuite> <!-- runner.MyRunner -->
